<?xml version="1.0" encoding="UTF-8"?>
<!-- Generated by org.testng.reporters.JUnitXMLReporter -->
<testsuite hostname="obaidulla.cable.rcn.com" ignored="0" name="Test" tests="3" failures="0" timestamp="04 Dec 2019 01:15:34 GMT" time="39.97" errors="0">
  <testcase name="verifyForumLogin" time="12.849" classname="com.osa.tests.HomePage"/>
  <testcase name="verifyForumLogin" time="8.781" classname="com.osa.tests.HomePage"/>
  <testcase name="verifyForumLogin" time="8.435" classname="com.osa.tests.HomePage"/>
</testsuite> <!-- Test -->
