<?xml version="1.0" encoding="UTF-8"?>
<!-- Generated by org.testng.reporters.JUnitXMLReporter -->
<testsuite hostname="DESKTOP-CF9HEVP" ignored="2" name="Test" tests="5" failures="0" timestamp="01 Dec 2019 18:38:30 GMT" time="44.648" errors="0">
  <testcase name="verifyForumLogin" time="8.04" classname="com.osa.tests.HomePage"/>
  <testcase name="verifyForumLogin" time="5.965" classname="com.osa.tests.HomePage"/>
  <testcase name="verifyForumLogin" time="7.62" classname="com.osa.tests.HomePage"/>
  <testcase name="verifyForumLogin" time="7.724" classname="com.osa.tests.HomePage"/>
  <testcase name="verifyForumLogin" time="6.811" classname="com.osa.tests.HomePage"/>
  <testcase name="clickOnForumLoginButton" time="0.0" classname="com.osa.tests.HomePage">
    <ignored/>
  </testcase> <!-- clickOnForumLoginButton -->
  <testcase name="verifyHomePageTitle" time="0.0" classname="com.osa.tests.HomePage">
    <ignored/>
  </testcase> <!-- verifyHomePageTitle -->
</testsuite> <!-- Test -->
