<?xml version="1.0" encoding="UTF-8"?>
<testng-results skipped="0" failed="0" ignored="0" total="3" passed="3">
  <reporter-output>
  </reporter-output>
  <suite name="Suite" duration-ms="39970" started-at="2019-12-04T01:14:54Z" finished-at="2019-12-04T01:15:34Z">
    <groups>
    </groups>
    <test name="Test" duration-ms="39970" started-at="2019-12-04T01:14:54Z" finished-at="2019-12-04T01:15:34Z">
      <class name="com.osa.tests.HomePage">
        <test-method status="PASS" signature="openBrowser()[pri:0, instance:com.osa.tests.HomePage@77cd7a0]" name="openBrowser" is-config="true" duration-ms="3713" started-at="2019-12-04T01:14:54Z" finished-at="2019-12-04T01:14:58Z">
          <reporter-output>
          </reporter-output>
        </test-method> <!-- openBrowser -->
        <test-method status="PASS" signature="verifyForumLogin(java.lang.String, java.lang.String)[pri:0, instance:com.osa.tests.HomePage@77cd7a0]" name="verifyForumLogin" duration-ms="12849" started-at="2019-12-04T01:14:59Z" data-provider="myTestData" finished-at="2019-12-04T01:15:12Z">
          <params>
            <param index="0">
              <value>
                <![CDATA[Username]]>
              </value>
            </param>
            <param index="1">
              <value>
                <![CDATA[Password]]>
              </value>
            </param>
          </params>
          <reporter-output>
          </reporter-output>
        </test-method> <!-- verifyForumLogin -->
        <test-method status="PASS" signature="verifyForumLogin(java.lang.String, java.lang.String)[pri:0, instance:com.osa.tests.HomePage@77cd7a0]" name="verifyForumLogin" duration-ms="8781" started-at="2019-12-04T01:15:12Z" data-provider="myTestData" finished-at="2019-12-04T01:15:20Z">
          <params>
            <param index="0">
              <value>
                <![CDATA[mitul.li@yahoo.com]]>
              </value>
            </param>
            <param index="1">
              <value>
                <![CDATA[1234567]]>
              </value>
            </param>
          </params>
          <reporter-output>
          </reporter-output>
        </test-method> <!-- verifyForumLogin -->
        <test-method status="PASS" signature="verifyForumLogin(java.lang.String, java.lang.String)[pri:0, instance:com.osa.tests.HomePage@77cd7a0]" name="verifyForumLogin" duration-ms="8435" started-at="2019-12-04T01:15:20Z" data-provider="myTestData" finished-at="2019-12-04T01:15:29Z">
          <params>
            <param index="0">
              <value>
                <![CDATA[md.obaidulla@osaconsultingtech.com]]>
              </value>
            </param>
            <param index="1">
              <value>
                <![CDATA[5475847]]>
              </value>
            </param>
          </params>
          <reporter-output>
          </reporter-output>
        </test-method> <!-- verifyForumLogin -->
        <test-method status="PASS" signature="closeBrowser()[pri:0, instance:com.osa.tests.HomePage@77cd7a0]" name="closeBrowser" is-config="true" duration-ms="5133" started-at="2019-12-04T01:15:29Z" finished-at="2019-12-04T01:15:34Z">
          <reporter-output>
          </reporter-output>
        </test-method> <!-- closeBrowser -->
      </class> <!-- com.osa.tests.HomePage -->
    </test> <!-- Test -->
  </suite> <!-- Suite -->
</testng-results>
